Using pre-set license
Built from '2021.3/staging' branch; Version is '2021.3.14f1 (eee1884e7226) revision 15655304'; Using compiler version '192829333'; Build Type 'Release'
OS: 'Windows 11  (10.0.22621) 64bit Core' Language: 'en' Physical Memory: 16299 MB
BatchMode: 1, IsHumanControllingUs: 0, StartBugReporterOnCrash: 0, Is64bit: 1, IsPro: 1

COMMAND LINE ARGUMENTS:
D:\Program Files\Unity\Hub\Editor\2021.3.14f1\Editor\Unity.exe
-adb2
-batchMode
-noUpm
-name
AssetImportWorker0
-projectPath
D:/jackt/Documents/Pokemon-Project/Pokemon Battle Simulator(Unity)
-logFile
Logs/AssetImportWorker0.log
-srvPort
58467
Successfully changed project path to: D:/jackt/Documents/Pokemon-Project/Pokemon Battle Simulator(Unity)
D:/jackt/Documents/Pokemon-Project/Pokemon Battle Simulator(Unity)
[UnityMemory] Configuration Parameters - Can be set up in boot.config
    "memorysetup-bucket-allocator-granularity=16"
    "memorysetup-bucket-allocator-bucket-count=8"
    "memorysetup-bucket-allocator-block-size=33554432"
    "memorysetup-bucket-allocator-block-count=8"
    "memorysetup-main-allocator-block-size=16777216"
    "memorysetup-thread-allocator-block-size=16777216"
    "memorysetup-gfx-main-allocator-block-size=16777216"
    "memorysetup-gfx-thread-allocator-block-size=16777216"
    "memorysetup-cache-allocator-block-size=4194304"
    "memorysetup-typetree-allocator-block-size=2097152"
    "memorysetup-profiler-bucket-allocator-granularity=16"
    "memorysetup-profiler-bucket-allocator-bucket-count=8"
    "memorysetup-profiler-bucket-allocator-block-size=33554432"
    "memorysetup-profiler-bucket-allocator-block-count=8"
    "memorysetup-profiler-allocator-block-size=16777216"
    "memorysetup-profiler-editor-allocator-block-size=1048576"
    "memorysetup-temp-allocator-size-main=16777216"
    "memorysetup-job-temp-allocator-block-size=2097152"
    "memorysetup-job-temp-allocator-block-size-background=1048576"
    "memorysetup-job-temp-allocator-reduction-small-platforms=262144"
    "memorysetup-temp-allocator-size-background-worker=32768"
    "memorysetup-temp-allocator-size-job-worker=262144"
    "memorysetup-temp-allocator-size-preload-manager=33554432"
    "memorysetup-temp-allocator-size-nav-mesh-worker=65536"
    "memorysetup-temp-allocator-size-audio-worker=65536"
    "memorysetup-temp-allocator-size-cloud-worker=32768"
    "memorysetup-temp-allocator-size-gi-baking-worker=262144"
    "memorysetup-temp-allocator-size-gfx=262144"
Refreshing native plugins compatible for Editor in 31.18 ms, found 2 plugins.
Preloading 0 native plugins for Editor in 0.00 ms.
Initialize engine version: 2021.3.14f1 (eee1884e7226)
[Subsystems] Discovering subsystems at path D:/Program Files/Unity/Hub/Editor/2021.3.14f1/Editor/Data/Resources/UnitySubsystems
[Subsystems] Discovering subsystems at path D:/jackt/Documents/Pokemon-Project/Pokemon Battle Simulator(Unity)/Assets
GfxDevice: creating device client; threaded=0; jobified=0
Direct3D:
    Version:  Direct3D 11.0 [level 11.1]
    Renderer: NVIDIA GeForce RTX 3060 (ID=0x2504)
    Vendor:   NVIDIA
    VRAM:     12129 MB
    Driver:   31.0.15.2737
Initialize mono
Mono path[0] = 'D:/Program Files/Unity/Hub/Editor/2021.3.14f1/Editor/Data/Managed'
Mono path[1] = 'D:/Program Files/Unity/Hub/Editor/2021.3.14f1/Editor/Data/MonoBleedingEdge/lib/mono/unityjit-win32'
Mono config path = 'D:/Program Files/Unity/Hub/Editor/2021.3.14f1/Editor/Data/MonoBleedingEdge/etc'
Using monoOptions --debugger-agent=transport=dt_socket,embedding=1,server=y,suspend=n,address=127.0.0.1:56704
Begin MonoManager ReloadAssembly
Registering precompiled unity dll's ...
Register platform support module: D:/Program Files/Unity/Hub/Editor/2021.3.14f1/Editor/Data/PlaybackEngines/WebGLSupport/UnityEditor.WebGL.Extensions.dll
Register platform support module: D:/Program Files/Unity/Hub/Editor/2021.3.14f1/Editor/Data/PlaybackEngines/WindowsStandaloneSupport/UnityEditor.WindowsStandalone.Extensions.dll
Registered in 0.002983 seconds.
Native extension for WindowsStandalone target not found
Native extension for WebGL target not found
Refreshing native plugins compatible for Editor in 25.96 ms, found 2 plugins.
Preloading 0 native plugins for Editor in 0.00 ms.
Mono: successfully reloaded assembly
- Completed reload, in  0.539 seconds
Domain Reload Profiling:
	ReloadAssembly (539ms)
		BeginReloadAssembly (83ms)
			ExecutionOrderSort (0ms)
			DisableScriptedObjects (0ms)
			BackupInstance (0ms)
			ReleaseScriptingObjects (0ms)
			CreateAndSetChildDomain (1ms)
		EndReloadAssembly (365ms)
			LoadAssemblies (83ms)
			RebuildTransferFunctionScriptingTraits (0ms)
			SetupTypeCache (95ms)
			ReleaseScriptCaches (0ms)
			RebuildScriptCaches (25ms)
			SetupLoadedEditorAssemblies (204ms)
				LogAssemblyErrors (0ms)
				InitializePlatformSupportModulesInManaged (7ms)
				SetLoadedEditorAssemblies (0ms)
				RefreshPlugins (26ms)
				BeforeProcessingInitializeOnLoad (1ms)
				ProcessInitializeOnLoadAttributes (126ms)
				ProcessInitializeOnLoadMethodAttributes (44ms)
				AfterProcessingInitializeOnLoad (0ms)
				EditorAssembliesLoaded (0ms)
			ExecutionOrderSort2 (0ms)
			AwakeInstancesAfterBackupRestoration (0ms)
Platform modules already initialized, skipping
Registering precompiled user dll's ...
Registered in 0.004118 seconds.
Begin MonoManager ReloadAssembly
Native extension for WindowsStandalone target not found
Native extension for WebGL target not found
Refreshing native plugins compatible for Editor in 0.35 ms, found 2 plugins.
Preloading 0 native plugins for Editor in 0.00 ms.
DisplayProgressbar: Restoring NuGet Packages
Mono: successfully reloaded assembly
- Completed reload, in  0.891 seconds
Domain Reload Profiling:
	ReloadAssembly (891ms)
		BeginReloadAssembly (125ms)
			ExecutionOrderSort (0ms)
			DisableScriptedObjects (5ms)
			BackupInstance (0ms)
			ReleaseScriptingObjects (0ms)
			CreateAndSetChildDomain (18ms)
		EndReloadAssembly (674ms)
			LoadAssemblies (97ms)
			RebuildTransferFunctionScriptingTraits (0ms)
			SetupTypeCache (165ms)
			ReleaseScriptCaches (0ms)
			RebuildScriptCaches (38ms)
			SetupLoadedEditorAssemblies (372ms)
				LogAssemblyErrors (0ms)
				InitializePlatformSupportModulesInManaged (11ms)
				SetLoadedEditorAssemblies (0ms)
				RefreshPlugins (0ms)
				BeforeProcessingInitializeOnLoad (44ms)
				ProcessInitializeOnLoadAttributes (292ms)
				ProcessInitializeOnLoadMethodAttributes (21ms)
				AfterProcessingInitializeOnLoad (3ms)
				EditorAssembliesLoaded (0ms)
			ExecutionOrderSort2 (0ms)
			AwakeInstancesAfterBackupRestoration (7ms)
Platform modules already initialized, skipping
========================================================================
Worker process is ready to serve import requests
Launched and connected shader compiler UnityShaderCompiler.exe after 0.05 seconds
Refreshing native plugins compatible for Editor in 0.73 ms, found 2 plugins.
Preloading 0 native plugins for Editor in 0.00 ms.
Unloading 1716 Unused Serialized files (Serialized files now loaded: 0)
Unloading 25 unused Assets / (48.4 KB). Loaded Objects now: 2181.
Memory consumption went from 75.2 MB to 75.2 MB.
Total: 4.289000 ms (FindLiveObjects: 0.294500 ms CreateObjectMapping: 0.059000 ms MarkObjects: 3.822400 ms  DeleteObjects: 0.111700 ms)

AssetImportParameters requested are different than current active one (requested -> active):
  custom:video-decoder-ogg-theora: a1e56fd34408186e4bbccfd4996cb3dc -> 
  custom:container-muxer-webm: aa71ff27fc2769a1b78a27578f13a17b -> 
  custom:container-demuxer-webm: 4f35f7cbe854078d1ac9338744f61a02 -> 
  custom:video-encoder-webm-vp8: eb34c28f22e8b96e1ab97ce403110664 -> 
  custom:video-codec-MediaFoundation-h265: 746d11721c4dcdbdad8f713fa42b33f4 -> 
  custom:audio-encoder-webm-vorbis: bf7c407c2cedff20999df2af8eb42d56 -> 
  custom:framework-win-MediaFoundation: 216162199b28c13a410421893ffa2e32 -> 
  custom:container-demuxer-ogg: 62fdf1f143b41e24485cea50d1cbac27 -> 
  custom:video-decoder-webm-vp8: 9c59270c3fd7afecdb556c50c9e8de78 -> 
  custom:audio-decoder-ogg-vorbis: bf7c407c2cedff20999df2af8eb42d56 -> 
========================================================================
Received Import Request.
  Time since last request: 25138.386788 seconds.
  path: Assets/Scripts
  artifactKey: Guid(36fcbb013151f4d4c92ae130c4a53eb7) Importer(815301076,1909f56bfc062723c751e8b465ee728b)
Start importing Assets/Scripts using Guid(36fcbb013151f4d4c92ae130c4a53eb7) Importer(815301076,1909f56bfc062723c751e8b465ee728b)  -> (artifact id: 'aebf003fc85245475027b6af698d5dce') in 0.012618 seconds 
========================================================================
Received Import Request.
  Time since last request: 1.356508 seconds.
  path: Assets/Scripts/MusicControllerScript.cs
  artifactKey: Guid(251b45718a11e7d4d96a60b8faef3dc3) Importer(815301076,1909f56bfc062723c751e8b465ee728b)
Start importing Assets/Scripts/MusicControllerScript.cs using Guid(251b45718a11e7d4d96a60b8faef3dc3) Importer(815301076,1909f56bfc062723c751e8b465ee728b)  -> (artifact id: '983956397a3354d1d3262fc98345aff5') in 0.051318 seconds 
========================================================================
Received Import Request.
  Time since last request: 0.246597 seconds.
  path: Assets/Scripts/PokemonButtonScript.cs
  artifactKey: Guid(999dcae977e0e5c479458d1e6a9d5941) Importer(815301076,1909f56bfc062723c751e8b465ee728b)
Start importing Assets/Scripts/PokemonButtonScript.cs using Guid(999dcae977e0e5c479458d1e6a9d5941) Importer(815301076,1909f56bfc062723c751e8b465ee728b)  -> (artifact id: '4c5f9f5e08c9cb8082eefa9307c7521b') in 0.004896 seconds 
========================================================================
Received Import Request.
  Time since last request: 0.586517 seconds.
  path: Assets/Scripts/TypeIconSetter.cs
  artifactKey: Guid(b900895707a4dbc47a4b65364763d74c) Importer(815301076,1909f56bfc062723c751e8b465ee728b)
Start importing Assets/Scripts/TypeIconSetter.cs using Guid(b900895707a4dbc47a4b65364763d74c) Importer(815301076,1909f56bfc062723c751e8b465ee728b)  -> (artifact id: 'a48a6342bc45bd6f228f7c60f4997d13') in 0.004796 seconds 
========================================================================
Received Import Request.
  Time since last request: 0.262688 seconds.
  path: Assets/Scripts/TextElementHandler.cs
  artifactKey: Guid(61f2bdbf468424f41adeed721c35695f) Importer(815301076,1909f56bfc062723c751e8b465ee728b)
Start importing Assets/Scripts/TextElementHandler.cs using Guid(61f2bdbf468424f41adeed721c35695f) Importer(815301076,1909f56bfc062723c751e8b465ee728b)  -> (artifact id: '4f45a261273b3f8f7a18fcba92b69b47') in 0.005201 seconds 
========================================================================
Received Import Request.
  Time since last request: 0.816537 seconds.
  path: Assets/Scripts/TeamCanvasController.cs
  artifactKey: Guid(d1f73595ffd1e694c9df1cbe0d313904) Importer(815301076,1909f56bfc062723c751e8b465ee728b)
Start importing Assets/Scripts/TeamCanvasController.cs using Guid(d1f73595ffd1e694c9df1cbe0d313904) Importer(815301076,1909f56bfc062723c751e8b465ee728b)  -> (artifact id: '574ee2f0614e31d6463fdf81d475fb21') in 0.005215 seconds 
========================================================================
Received Import Request.
  Time since last request: 0.237222 seconds.
  path: Assets/Scripts/TeamButtonScript.cs
  artifactKey: Guid(ab727797d4fb14844ad75139f2c4c7d8) Importer(815301076,1909f56bfc062723c751e8b465ee728b)
Start importing Assets/Scripts/TeamButtonScript.cs using Guid(ab727797d4fb14844ad75139f2c4c7d8) Importer(815301076,1909f56bfc062723c751e8b465ee728b)  -> (artifact id: 'fc0a80f0a97428cb832391c8305c4e7f') in 0.005167 seconds 
========================================================================
Received Import Request.
  Time since last request: 0.293080 seconds.
  path: Assets/Scripts/TBInputField.cs
  artifactKey: Guid(d237b8469f3c50649ac40b3ff54dd6e1) Importer(815301076,1909f56bfc062723c751e8b465ee728b)
Start importing Assets/Scripts/TBInputField.cs using Guid(d237b8469f3c50649ac40b3ff54dd6e1) Importer(815301076,1909f56bfc062723c751e8b465ee728b)  -> (artifact id: '3d29c118bc598a9ee513920e070a78dd') in 0.005612 seconds 
========================================================================
Received Import Request.
  Time since last request: 0.271165 seconds.
  path: Assets/Scripts/TBController.cs
  artifactKey: Guid(b54e4552a789db44980f3bcb3e982a95) Importer(815301076,1909f56bfc062723c751e8b465ee728b)
Start importing Assets/Scripts/TBController.cs using Guid(b54e4552a789db44980f3bcb3e982a95) Importer(815301076,1909f56bfc062723c751e8b465ee728b)  -> (artifact id: '4881a573d284e3079bdb233c4fe4361d') in 0.005420 seconds 
========================================================================
Received Import Request.
  Time since last request: 0.282302 seconds.
  path: Assets/Scripts/SwitchBoxScript.cs
  artifactKey: Guid(ea2e41c337972a7428fff26ff40165e7) Importer(815301076,1909f56bfc062723c751e8b465ee728b)
Start importing Assets/Scripts/SwitchBoxScript.cs using Guid(ea2e41c337972a7428fff26ff40165e7) Importer(815301076,1909f56bfc062723c751e8b465ee728b)  -> (artifact id: '2d6169c204fd90059acf08d9e12374ca') in 0.005600 seconds 
========================================================================
Received Import Request.
  Time since last request: 0.247467 seconds.
  path: Assets/Scripts/SwapPokemonMenu.cs
  artifactKey: Guid(e2f31be98aac66846a55c33d16d7e60b) Importer(815301076,1909f56bfc062723c751e8b465ee728b)
Start importing Assets/Scripts/SwapPokemonMenu.cs using Guid(e2f31be98aac66846a55c33d16d7e60b) Importer(815301076,1909f56bfc062723c751e8b465ee728b)  -> (artifact id: '2457576741268bd2f100cc132f0e4fd7') in 0.004989 seconds 
========================================================================
Received Import Request.
  Time since last request: 0.928207 seconds.
  path: Assets/Scripts/StatControllerScript.cs
  artifactKey: Guid(23618c376c30562499f274bedba52543) Importer(815301076,1909f56bfc062723c751e8b465ee728b)
Start importing Assets/Scripts/StatControllerScript.cs using Guid(23618c376c30562499f274bedba52543) Importer(815301076,1909f56bfc062723c751e8b465ee728b)  -> (artifact id: '1eea4f27f9a614aee1e262374b303ceb') in 0.005739 seconds 
========================================================================
Received Import Request.
  Time since last request: 0.666021 seconds.
  path: Assets/Scripts/InputField.cs
  artifactKey: Guid(cdb76438b664d684299852dd9b533e0a) Importer(815301076,1909f56bfc062723c751e8b465ee728b)
Start importing Assets/Scripts/InputField.cs using Guid(cdb76438b664d684299852dd9b533e0a) Importer(815301076,1909f56bfc062723c751e8b465ee728b)  -> (artifact id: '804b0aed6ff568869e48dfcb6f2bfc93') in 0.004874 seconds 
========================================================================
Received Import Request.
  Time since last request: 0.578713 seconds.
  path: Assets/Scripts/MainController.cs
  artifactKey: Guid(d42b2ea0001f9dc469ecfcbba0a06652) Importer(815301076,1909f56bfc062723c751e8b465ee728b)
Start importing Assets/Scripts/MainController.cs using Guid(d42b2ea0001f9dc469ecfcbba0a06652) Importer(815301076,1909f56bfc062723c751e8b465ee728b)  -> (artifact id: 'bedf45af9eaa8ebc7fbe6cd161f9be79') in 0.005322 seconds 
========================================================================
Received Import Request.
  Time since last request: 0.270630 seconds.
  path: Assets/Scripts/BackButton.cs
  artifactKey: Guid(26ace2197c691424db2de02b330c2799) Importer(815301076,1909f56bfc062723c751e8b465ee728b)
Start importing Assets/Scripts/BackButton.cs using Guid(26ace2197c691424db2de02b330c2799) Importer(815301076,1909f56bfc062723c751e8b465ee728b)  -> (artifact id: '5903d4647149c986e5fe4042ab4210bc') in 0.004779 seconds 
========================================================================
Received Import Request.
  Time since last request: 0.255172 seconds.
  path: Assets/Scripts/AutoScrollDown.cs
  artifactKey: Guid(5df5ecdc960eb7e40823501ff2a3934d) Importer(815301076,1909f56bfc062723c751e8b465ee728b)
Start importing Assets/Scripts/AutoScrollDown.cs using Guid(5df5ecdc960eb7e40823501ff2a3934d) Importer(815301076,1909f56bfc062723c751e8b465ee728b)  -> (artifact id: '3db831bb538e1bd5d01bf1a0a6fc0b76') in 0.006366 seconds 
========================================================================
Received Import Request.
  Time since last request: 0.504877 seconds.
  path: Assets/Scripts/AddPokemonButton.cs
  artifactKey: Guid(da67792a9ac7e3d4f967d36b5bf3eda0) Importer(815301076,1909f56bfc062723c751e8b465ee728b)
Start importing Assets/Scripts/AddPokemonButton.cs using Guid(da67792a9ac7e3d4f967d36b5bf3eda0) Importer(815301076,1909f56bfc062723c751e8b465ee728b)  -> (artifact id: '446c193d75698f75b14c0cd35343cd72') in 0.005426 seconds 
========================================================================
Received Import Request.
  Time since last request: 0.768042 seconds.
  path: Assets/Scripts/AiTierButton.cs
  artifactKey: Guid(cb319378070b8714a97279340f4f945b) Importer(815301076,1909f56bfc062723c751e8b465ee728b)
Start importing Assets/Scripts/AiTierButton.cs using Guid(cb319378070b8714a97279340f4f945b) Importer(815301076,1909f56bfc062723c751e8b465ee728b)  -> (artifact id: '149f73a9b354b9833be3ff696a82f04e') in 0.005798 seconds 
========================================================================
Received Import Request.
  Time since last request: 0.796070 seconds.
  path: Assets/Scripts/BackButtonScript.cs
  artifactKey: Guid(517e1d1864149854daaab38e271164bc) Importer(815301076,1909f56bfc062723c751e8b465ee728b)
Start importing Assets/Scripts/BackButtonScript.cs using Guid(517e1d1864149854daaab38e271164bc) Importer(815301076,1909f56bfc062723c751e8b465ee728b)  -> (artifact id: '5d7bd3beaefa0d82077072aa7265134d') in 0.005200 seconds 
========================================================================
Received Import Request.
  Time since last request: 0.243297 seconds.
  path: Assets/Scripts/BaseTextScript.cs
  artifactKey: Guid(c1dfb2729a771514b9a6cd56336c8861) Importer(815301076,1909f56bfc062723c751e8b465ee728b)
Start importing Assets/Scripts/BaseTextScript.cs using Guid(c1dfb2729a771514b9a6cd56336c8861) Importer(815301076,1909f56bfc062723c751e8b465ee728b)  -> (artifact id: '712e8127990b7aa83f81dfcbec8b6927') in 0.005505 seconds 
========================================================================
Received Import Request.
  Time since last request: 0.220598 seconds.
  path: Assets/Scripts/BattleControllerScripts.cs
  artifactKey: Guid(24184113f15824e42bfce45c96908fd3) Importer(815301076,1909f56bfc062723c751e8b465ee728b)
Start importing Assets/Scripts/BattleControllerScripts.cs using Guid(24184113f15824e42bfce45c96908fd3) Importer(815301076,1909f56bfc062723c751e8b465ee728b)  -> (artifact id: '0e15407eee360a55d9e6bd2322cc157b') in 0.005108 seconds 
========================================================================
Received Import Request.
  Time since last request: 0.277994 seconds.
  path: Assets/Scripts/ButtonScript.cs
  artifactKey: Guid(c81c19944addb2245941483ad200c666) Importer(815301076,1909f56bfc062723c751e8b465ee728b)
Start importing Assets/Scripts/ButtonScript.cs using Guid(c81c19944addb2245941483ad200c666) Importer(815301076,1909f56bfc062723c751e8b465ee728b)  -> (artifact id: 'da7eb2a661a38e1cdf2fce26a6145e43') in 0.005333 seconds 
========================================================================
Received Import Request.
  Time since last request: 0.245635 seconds.
  path: Assets/Scripts/CameraScript.cs
  artifactKey: Guid(86f072b3758c48e4b9001e674e67062c) Importer(815301076,1909f56bfc062723c751e8b465ee728b)
Start importing Assets/Scripts/CameraScript.cs using Guid(86f072b3758c48e4b9001e674e67062c) Importer(815301076,1909f56bfc062723c751e8b465ee728b)  -> (artifact id: '12af195391173ff43622a906127eeadb') in 0.006296 seconds 
========================================================================
Received Import Request.
  Time since last request: 0.317406 seconds.
  path: Assets/Scripts/Classes.cs
  artifactKey: Guid(6b2401e6f9060a8489f4eda2f4f80eab) Importer(815301076,1909f56bfc062723c751e8b465ee728b)
Start importing Assets/Scripts/Classes.cs using Guid(6b2401e6f9060a8489f4eda2f4f80eab) Importer(815301076,1909f56bfc062723c751e8b465ee728b)  -> (artifact id: 'ade998c1ad92ed82c4ef019ee2a674b0') in 0.005601 seconds 
========================================================================
Received Import Request.
  Time since last request: 0.263006 seconds.
  path: Assets/Scripts/ContentUpdate.cs
  artifactKey: Guid(8583183d83a3ef2418b9a0ff55b1db47) Importer(815301076,1909f56bfc062723c751e8b465ee728b)
Start importing Assets/Scripts/ContentUpdate.cs using Guid(8583183d83a3ef2418b9a0ff55b1db47) Importer(815301076,1909f56bfc062723c751e8b465ee728b)  -> (artifact id: '8f964958bf106d6048ee3fb30647ec5e') in 0.004652 seconds 
========================================================================
Received Import Request.
  Time since last request: 0.256822 seconds.
  path: Assets/Scripts/SetupController.cs
  artifactKey: Guid(80cc676562dd6404da7e97d38ee9f446) Importer(815301076,1909f56bfc062723c751e8b465ee728b)
Start importing Assets/Scripts/SetupController.cs using Guid(80cc676562dd6404da7e97d38ee9f446) Importer(815301076,1909f56bfc062723c751e8b465ee728b)  -> (artifact id: '211f562d9b32b86a95e405ae97699246') in 0.004952 seconds 
========================================================================
Received Import Request.
  Time since last request: 0.258085 seconds.
  path: Assets/Scripts/PokemonController.cs
  artifactKey: Guid(4166323eb812ab2409bffd26caf7ce86) Importer(815301076,1909f56bfc062723c751e8b465ee728b)
Start importing Assets/Scripts/PokemonController.cs using Guid(4166323eb812ab2409bffd26caf7ce86) Importer(815301076,1909f56bfc062723c751e8b465ee728b)  -> (artifact id: 'ed66c1d1ba76b3957fffc69a37508124') in 0.004901 seconds 
========================================================================
Received Import Request.
  Time since last request: 171.615919 seconds.
  path: Assets/Scripts/AddTeamButton.cs
  artifactKey: Guid(7986d1009e147a544b3c3c42b8207462) Importer(815301076,1909f56bfc062723c751e8b465ee728b)
Start importing Assets/Scripts/AddTeamButton.cs using Guid(7986d1009e147a544b3c3c42b8207462) Importer(815301076,1909f56bfc062723c751e8b465ee728b)  -> (artifact id: '8af1db1abd45cac67d3ed4a55c1cb584') in 0.006172 seconds 
========================================================================
Received Import Request.
  Time since last request: 5.569610 seconds.
  path: Assets/Scripts/DoubleClickText.cs
  artifactKey: Guid(cf49ac803df09fb41968c3bcc6261566) Importer(815301076,1909f56bfc062723c751e8b465ee728b)
Start importing Assets/Scripts/DoubleClickText.cs using Guid(cf49ac803df09fb41968c3bcc6261566) Importer(815301076,1909f56bfc062723c751e8b465ee728b)  -> (artifact id: 'c265dd9fa5178504cc519c2254903e0b') in 0.005265 seconds 
========================================================================
Received Prepare
Registering precompiled user dll's ...
Registered in 0.005172 seconds.
Begin MonoManager ReloadAssembly
Native extension for WindowsStandalone target not found
Native extension for WebGL target not found
Refreshing native plugins compatible for Editor in 0.54 ms, found 2 plugins.
Preloading 0 native plugins for Editor in 0.00 ms.
Mono: successfully reloaded assembly
- Completed reload, in  0.799 seconds
Domain Reload Profiling:
	ReloadAssembly (799ms)
		BeginReloadAssembly (130ms)
			ExecutionOrderSort (0ms)
			DisableScriptedObjects (5ms)
			BackupInstance (0ms)
			ReleaseScriptingObjects (0ms)
			CreateAndSetChildDomain (31ms)
		EndReloadAssembly (587ms)
			LoadAssemblies (84ms)
			RebuildTransferFunctionScriptingTraits (0ms)
			SetupTypeCache (164ms)
			ReleaseScriptCaches (1ms)
			RebuildScriptCaches (32ms)
			SetupLoadedEditorAssemblies (288ms)
				LogAssemblyErrors (0ms)
				InitializePlatformSupportModulesInManaged (11ms)
				SetLoadedEditorAssemblies (0ms)
				RefreshPlugins (1ms)
				BeforeProcessingInitializeOnLoad (41ms)
				ProcessInitializeOnLoadAttributes (205ms)
				ProcessInitializeOnLoadMethodAttributes (26ms)
				AfterProcessingInitializeOnLoad (3ms)
				EditorAssembliesLoaded (0ms)
			ExecutionOrderSort2 (0ms)
			AwakeInstancesAfterBackupRestoration (7ms)
Platform modules already initialized, skipping
Refreshing native plugins compatible for Editor in 2.12 ms, found 2 plugins.
Preloading 0 native plugins for Editor in 0.00 ms.
Unloading 1697 Unused Serialized files (Serialized files now loaded: 0)
Unloading 18 unused Assets / (24.8 KB). Loaded Objects now: 2184.
Memory consumption went from 73.6 MB to 73.6 MB.
Total: 2.962100 ms (FindLiveObjects: 0.177800 ms CreateObjectMapping: 0.039200 ms MarkObjects: 2.690500 ms  DeleteObjects: 0.052900 ms)

AssetImportParameters requested are different than current active one (requested -> active):
  custom:video-decoder-ogg-theora: a1e56fd34408186e4bbccfd4996cb3dc -> 
  custom:container-muxer-webm: aa71ff27fc2769a1b78a27578f13a17b -> 
  custom:container-demuxer-webm: 4f35f7cbe854078d1ac9338744f61a02 -> 
  custom:video-encoder-webm-vp8: eb34c28f22e8b96e1ab97ce403110664 -> 
  custom:video-codec-MediaFoundation-h265: 746d11721c4dcdbdad8f713fa42b33f4 -> 
  custom:audio-encoder-webm-vorbis: bf7c407c2cedff20999df2af8eb42d56 -> 
  custom:framework-win-MediaFoundation: 216162199b28c13a410421893ffa2e32 -> 
  custom:container-demuxer-ogg: 62fdf1f143b41e24485cea50d1cbac27 -> 
  custom:video-decoder-webm-vp8: 9c59270c3fd7afecdb556c50c9e8de78 -> 
  custom:audio-decoder-ogg-vorbis: bf7c407c2cedff20999df2af8eb42d56 -> 
========================================================================
Received Prepare
Registering precompiled user dll's ...
Registered in 0.004810 seconds.
Begin MonoManager ReloadAssembly
Native extension for WindowsStandalone target not found
Native extension for WebGL target not found
Refreshing native plugins compatible for Editor in 0.44 ms, found 2 plugins.
Preloading 0 native plugins for Editor in 0.00 ms.
Mono: successfully reloaded assembly
- Completed reload, in  0.799 seconds
Domain Reload Profiling:
	ReloadAssembly (800ms)
		BeginReloadAssembly (133ms)
			ExecutionOrderSort (0ms)
			DisableScriptedObjects (7ms)
			BackupInstance (0ms)
			ReleaseScriptingObjects (0ms)
			CreateAndSetChildDomain (30ms)
		EndReloadAssembly (582ms)
			LoadAssemblies (93ms)
			RebuildTransferFunctionScriptingTraits (0ms)
			SetupTypeCache (160ms)
			ReleaseScriptCaches (1ms)
			RebuildScriptCaches (32ms)
			SetupLoadedEditorAssemblies (280ms)
				LogAssemblyErrors (0ms)
				InitializePlatformSupportModulesInManaged (12ms)
				SetLoadedEditorAssemblies (0ms)
				RefreshPlugins (0ms)
				BeforeProcessingInitializeOnLoad (44ms)
				ProcessInitializeOnLoadAttributes (195ms)
				ProcessInitializeOnLoadMethodAttributes (24ms)
				AfterProcessingInitializeOnLoad (4ms)
				EditorAssembliesLoaded (0ms)
			ExecutionOrderSort2 (0ms)
			AwakeInstancesAfterBackupRestoration (8ms)
Platform modules already initialized, skipping
Refreshing native plugins compatible for Editor in 1.65 ms, found 2 plugins.
Preloading 0 native plugins for Editor in 0.00 ms.
Unloading 1697 Unused Serialized files (Serialized files now loaded: 0)
Unloading 18 unused Assets / (24.8 KB). Loaded Objects now: 2187.
Memory consumption went from 73.7 MB to 73.6 MB.
Total: 2.939200 ms (FindLiveObjects: 0.167600 ms CreateObjectMapping: 0.045400 ms MarkObjects: 2.702800 ms  DeleteObjects: 0.022100 ms)

AssetImportParameters requested are different than current active one (requested -> active):
  custom:video-decoder-ogg-theora: a1e56fd34408186e4bbccfd4996cb3dc -> 
  custom:container-muxer-webm: aa71ff27fc2769a1b78a27578f13a17b -> 
  custom:container-demuxer-webm: 4f35f7cbe854078d1ac9338744f61a02 -> 
  custom:video-encoder-webm-vp8: eb34c28f22e8b96e1ab97ce403110664 -> 
  custom:video-codec-MediaFoundation-h265: 746d11721c4dcdbdad8f713fa42b33f4 -> 
  custom:audio-encoder-webm-vorbis: bf7c407c2cedff20999df2af8eb42d56 -> 
  custom:framework-win-MediaFoundation: 216162199b28c13a410421893ffa2e32 -> 
  custom:container-demuxer-ogg: 62fdf1f143b41e24485cea50d1cbac27 -> 
  custom:video-decoder-webm-vp8: 9c59270c3fd7afecdb556c50c9e8de78 -> 
  custom:audio-decoder-ogg-vorbis: bf7c407c2cedff20999df2af8eb42d56 -> 
========================================================================
Received Import Request.
  Time since last request: 399.685932 seconds.
  path: Assets/Scripts/PokemonButtonScript.cs
  artifactKey: Guid(999dcae977e0e5c479458d1e6a9d5941) Importer(815301076,1909f56bfc062723c751e8b465ee728b)
Start importing Assets/Scripts/PokemonButtonScript.cs using Guid(999dcae977e0e5c479458d1e6a9d5941) Importer(815301076,1909f56bfc062723c751e8b465ee728b)  -> (artifact id: 'bf5429c52ad3658288d6805f54c8691f') in 0.007990 seconds 
========================================================================
Received Import Request.
  Time since last request: 36.863256 seconds.
  path: Assets/Scripts/Classes.cs
  artifactKey: Guid(6b2401e6f9060a8489f4eda2f4f80eab) Importer(815301076,1909f56bfc062723c751e8b465ee728b)
Start importing Assets/Scripts/Classes.cs using Guid(6b2401e6f9060a8489f4eda2f4f80eab) Importer(815301076,1909f56bfc062723c751e8b465ee728b)  -> (artifact id: 'db5f00f13762a54450671d7528dd2593') in 0.004751 seconds 
========================================================================
Received Prepare
Registering precompiled user dll's ...
Registered in 0.005016 seconds.
Begin MonoManager ReloadAssembly
Native extension for WindowsStandalone target not found
Native extension for WebGL target not found
Refreshing native plugins compatible for Editor in 0.69 ms, found 2 plugins.
Preloading 0 native plugins for Editor in 0.00 ms.
Mono: successfully reloaded assembly
- Completed reload, in  0.917 seconds
Domain Reload Profiling:
	ReloadAssembly (917ms)
		BeginReloadAssembly (138ms)
			ExecutionOrderSort (0ms)
			DisableScriptedObjects (5ms)
			BackupInstance (0ms)
			ReleaseScriptingObjects (0ms)
			CreateAndSetChildDomain (30ms)
		EndReloadAssembly (694ms)
			LoadAssemblies (95ms)
			RebuildTransferFunctionScriptingTraits (0ms)
			SetupTypeCache (189ms)
			ReleaseScriptCaches (2ms)
			RebuildScriptCaches (56ms)
			SetupLoadedEditorAssemblies (314ms)
				LogAssemblyErrors (0ms)
				InitializePlatformSupportModulesInManaged (16ms)
				SetLoadedEditorAssemblies (1ms)
				RefreshPlugins (1ms)
				BeforeProcessingInitializeOnLoad (48ms)
				ProcessInitializeOnLoadAttributes (225ms)
				ProcessInitializeOnLoadMethodAttributes (21ms)
				AfterProcessingInitializeOnLoad (3ms)
				EditorAssembliesLoaded (0ms)
			ExecutionOrderSort2 (0ms)
			AwakeInstancesAfterBackupRestoration (6ms)
Platform modules already initialized, skipping
Refreshing native plugins compatible for Editor in 1.61 ms, found 2 plugins.
Preloading 0 native plugins for Editor in 0.00 ms.
Unloading 1697 Unused Serialized files (Serialized files now loaded: 0)
Unloading 18 unused Assets / (24.8 KB). Loaded Objects now: 2190.
Memory consumption went from 73.7 MB to 73.6 MB.
Total: 3.218900 ms (FindLiveObjects: 0.143200 ms CreateObjectMapping: 0.038400 ms MarkObjects: 3.015200 ms  DeleteObjects: 0.021100 ms)

AssetImportParameters requested are different than current active one (requested -> active):
  custom:video-decoder-ogg-theora: a1e56fd34408186e4bbccfd4996cb3dc -> 
  custom:container-muxer-webm: aa71ff27fc2769a1b78a27578f13a17b -> 
  custom:container-demuxer-webm: 4f35f7cbe854078d1ac9338744f61a02 -> 
  custom:video-encoder-webm-vp8: eb34c28f22e8b96e1ab97ce403110664 -> 
  custom:video-codec-MediaFoundation-h265: 746d11721c4dcdbdad8f713fa42b33f4 -> 
  custom:audio-encoder-webm-vorbis: bf7c407c2cedff20999df2af8eb42d56 -> 
  custom:framework-win-MediaFoundation: 216162199b28c13a410421893ffa2e32 -> 
  custom:container-demuxer-ogg: 62fdf1f143b41e24485cea50d1cbac27 -> 
  custom:video-decoder-webm-vp8: 9c59270c3fd7afecdb556c50c9e8de78 -> 
  custom:audio-decoder-ogg-vorbis: bf7c407c2cedff20999df2af8eb42d56 -> 
